------------------------------------------------------------------------------
                           GCC Code Coverage Report
Directory: .
------------------------------------------------------------------------------
File                                       Lines    Exec  Cover   Missing
------------------------------------------------------------------------------
utExecutionAndResults/utUnderTest/src/ProcessRecord.c
                                              17       0     0%   4-5,7-8,11-20,22,25,34
------------------------------------------------------------------------------
TOTAL                                         17       0     0%
------------------------------------------------------------------------------
