------------------------------------------------------------------------------
                           GCC Code Coverage Report
Directory: .
------------------------------------------------------------------------------
File                                       Lines    Exec  Cover   Missing
------------------------------------------------------------------------------
utExecutionAndResults/utUnderTest/src/InternalHelper_u32.c
                                               5       0     0%   4-5,10-11,13
------------------------------------------------------------------------------
TOTAL                                          5       0     0%
------------------------------------------------------------------------------
