------------------------------------------------------------------------------
                           GCC Code Coverage Report
Directory: .
------------------------------------------------------------------------------
File                                       Lines    Exec  Cover   Missing
------------------------------------------------------------------------------
utExecutionAndResults/utUnderTest/src/MyLib_ComputeAdjustedValue_u32.c
                                               5       0     0%   8-10,12,14
------------------------------------------------------------------------------
TOTAL                                          5       0     0%
------------------------------------------------------------------------------
