------------------------------------------------------------------------------
                           GCC Code Coverage Report
Directory: .
------------------------------------------------------------------------------
File                                       Lines    Exec  Cover   Missing
------------------------------------------------------------------------------
utExecutionAndResults/utUnderTest/src/MyLib_UpdateGlobalRecord.c
                                               7       0     0%   4,6-7,11-12,15,18
------------------------------------------------------------------------------
TOTAL                                          7       0     0%
------------------------------------------------------------------------------
