------------------------------------------------------------------------------
                           GCC Code Coverage Report
Directory: .
------------------------------------------------------------------------------
File                                       Lines    Exec  Cover   Missing
------------------------------------------------------------------------------
utExecutionAndResults/utUnderTest/src/MyLib_Orchestrate_u32.c
                                               9       0     0%   4,10-11,13,17,20-21,24,27
------------------------------------------------------------------------------
TOTAL                                          9       0     0%
------------------------------------------------------------------------------
