------------------------------------------------------------------------------
                           GCC Code Coverage Report
Directory: .
------------------------------------------------------------------------------
File                                       Lines    Exec  Cover   Missing
------------------------------------------------------------------------------
utExecutionAndResults/utUnderTest/src/MyLib_Orchestrate_u32.c
                                               9       9   100%
------------------------------------------------------------------------------
TOTAL                                          9       9   100%
------------------------------------------------------------------------------
