------------------------------------------------------------------------------
                           GCC Code Coverage Report
Directory: .
------------------------------------------------------------------------------
File                                       Lines    Exec  Cover   Missing
------------------------------------------------------------------------------
utExecutionAndResults/utUnderTest/src/MyLib_Orchestrate_u32.c
                                               7       7   100%
------------------------------------------------------------------------------
TOTAL                                          7       7   100%
------------------------------------------------------------------------------
