------------------------------------------------------------------------------
                           GCC Code Coverage Report
Directory: .
------------------------------------------------------------------------------
File                                       Lines    Exec  Cover   Missing
------------------------------------------------------------------------------
utExecutionAndResults/utUnderTest/src/MyLib_Orchestrate_u32.c
                                               9       0     0%   11-14,17,20-21,23,25
------------------------------------------------------------------------------
TOTAL                                          9       0     0%
------------------------------------------------------------------------------
