------------------------------------------------------------------------------
                           GCC Code Coverage Report
Directory: .
------------------------------------------------------------------------------
File                                       Lines    Exec  Cover   Missing
------------------------------------------------------------------------------
utExecutionAndResults/utUnderTest/src/MyLib_AnalyzeArray_u32.c
                                               9       0     0%   8,10-11,14,16-18,22,24
------------------------------------------------------------------------------
TOTAL                                          9       0     0%
------------------------------------------------------------------------------
