------------------------------------------------------------------------------
                           GCC Code Coverage Report
Directory: .
------------------------------------------------------------------------------
File                                       Lines    Exec  Cover   Missing
------------------------------------------------------------------------------
utExecutionAndResults/utUnderTest/src/MyLib_AnalyzeArray_u32.c
                                              11      11   100%
------------------------------------------------------------------------------
TOTAL                                         11      11   100%
------------------------------------------------------------------------------
