------------------------------------------------------------------------------
                           GCC Code Coverage Report
Directory: .
------------------------------------------------------------------------------
File                                       Lines    Exec  Cover   Missing
------------------------------------------------------------------------------
utExecutionAndResults/utUnderTest/src/MyLib_UpdateCounter_u8.c
                                              13       0     0%   4,12,15,17,21,24,26-27,30-31,35-36,40
utExecutionAndResults/utUnderTest/src/MyLib_UpdateCounter_u8_help.h
                                               4       0     0%   14-15,17-18
------------------------------------------------------------------------------
TOTAL                                         17       0     0%
------------------------------------------------------------------------------
