------------------------------------------------------------------------------
                           GCC Code Coverage Report
Directory: .
------------------------------------------------------------------------------
File                                       Lines    Exec  Cover   Missing
------------------------------------------------------------------------------
utExecutionAndResults/utUnderTest/src/UpdateCounter_u8.c
                                              13       0     0%   4,9,11-12,15,17-19,21-22,25-26,28
utExecutionAndResults/utUnderTest/src/UpdateCounter_u8_help.h
                                               8       0     0%   14-15,17-18,21-22,24-25
------------------------------------------------------------------------------
TOTAL                                         21       0     0%
------------------------------------------------------------------------------
