------------------------------------------------------------------------------
                           GCC Code Coverage Report
Directory: .
------------------------------------------------------------------------------
File                                       Lines    Exec  Cover   Missing
------------------------------------------------------------------------------
utExecutionAndResults/utUnderTest/src/MyLib_AnalyzeArray_u32.c
                                               9       0     0%   4,6-7,10,12-14,18,20
------------------------------------------------------------------------------
TOTAL                                          9       0     0%
------------------------------------------------------------------------------
