------------------------------------------------------------------------------
                           GCC Code Coverage Report
Directory: .
------------------------------------------------------------------------------
File                                       Lines    Exec  Cover   Missing
------------------------------------------------------------------------------
utExecutionAndResults/utUnderTest/src/MyLib_UpdateCounter_u8.c
                                              13      13   100%
utExecutionAndResults/utUnderTest/src/MyLib_UpdateCounter_u8_help.h
                                              10       8    80%   14-15
------------------------------------------------------------------------------
TOTAL                                         23      21    91%
------------------------------------------------------------------------------
