------------------------------------------------------------------------------
                           GCC Code Coverage Report
Directory: .
------------------------------------------------------------------------------
File                                       Lines    Exec  Cover   Missing
------------------------------------------------------------------------------
utExecutionAndResults/utUnderTest/src/MyLib_UpdateCounter_u8.c
                                              19      18    94%   10
------------------------------------------------------------------------------
TOTAL                                         19      18    94%
------------------------------------------------------------------------------
