------------------------------------------------------------------------------
                           GCC Code Coverage Report
Directory: .
------------------------------------------------------------------------------
File                                       Lines    Exec  Cover   Missing
------------------------------------------------------------------------------
utExecutionAndResults/utUnderTest/src/MyLib_ProcessRecord.c
                                              17       0     0%   4,9-10,14-15,17-18,20,22-23,25,27-29,31,35,38
------------------------------------------------------------------------------
TOTAL                                         17       0     0%
------------------------------------------------------------------------------
