------------------------------------------------------------------------------
                           GCC Code Coverage Report
Directory: .
------------------------------------------------------------------------------
File                                       Lines    Exec  Cover   Missing
------------------------------------------------------------------------------
utExecutionAndResults/utUnderTest/src/MyLib_ProcessRecord.c
                                              17      17   100%
------------------------------------------------------------------------------
TOTAL                                         17      17   100%
------------------------------------------------------------------------------
