------------------------------------------------------------------------------
                           GCC Code Coverage Report
Directory: .
------------------------------------------------------------------------------
File                                       Lines    Exec  Cover   Missing
------------------------------------------------------------------------------
utExecutionAndResults/utUnderTest/src/MyLib_UpdateGlobalRecord.c
                                               7       0     0%   12,14-15,19-20,23,26
------------------------------------------------------------------------------
TOTAL                                          7       0     0%
------------------------------------------------------------------------------
