------------------------------------------------------------------------------
                           GCC Code Coverage Report
Directory: .
------------------------------------------------------------------------------
File                                       Lines    Exec  Cover   Missing
------------------------------------------------------------------------------
utExecutionAndResults/utUnderTest/src/ProcessRecord.c
                                              17       0     0%   11-12,14-15,18-27,29,32,41
------------------------------------------------------------------------------
TOTAL                                         17       0     0%
------------------------------------------------------------------------------
