------------------------------------------------------------------------------
                           GCC Code Coverage Report
Directory: .
------------------------------------------------------------------------------
File                                       Lines    Exec  Cover   Missing
------------------------------------------------------------------------------
utExecutionAndResults/utUnderTest/src/InternalHelper_u32.c
                                               5       5   100%
------------------------------------------------------------------------------
TOTAL                                          5       5   100%
------------------------------------------------------------------------------
