------------------------------------------------------------------------------
                           GCC Code Coverage Report
Directory: .
------------------------------------------------------------------------------
File                                       Lines    Exec  Cover   Missing
------------------------------------------------------------------------------
utExecutionAndResults/utUnderTest/src/InternalHelper_u32.c
                                               5       0     0%   8-9,14-15,17
------------------------------------------------------------------------------
TOTAL                                          5       0     0%
------------------------------------------------------------------------------
