------------------------------------------------------------------------------
                           GCC Code Coverage Report
Directory: .
------------------------------------------------------------------------------
File                                       Lines    Exec  Cover   Missing
------------------------------------------------------------------------------
utExecutionAndResults/utUnderTest/src/AnalyzeArray_u32.c
                                              11       0     0%   8-9,11,14-15,18-19,21,23,27,30
------------------------------------------------------------------------------
TOTAL                                         11       0     0%
------------------------------------------------------------------------------
