------------------------------------------------------------------------------
                           GCC Code Coverage Report
Directory: .
------------------------------------------------------------------------------
File                                       Lines    Exec  Cover   Missing
------------------------------------------------------------------------------
utExecutionAndResults/utUnderTest/src/UpdateCounter_u8.c
                                              17       0     0%   11-12,14-15,20,25,27-28,31,33-35,37-38,41-42,44
------------------------------------------------------------------------------
TOTAL                                         17       0     0%
------------------------------------------------------------------------------
