------------------------------------------------------------------------------
                           GCC Code Coverage Report
Directory: .
------------------------------------------------------------------------------
File                                       Lines    Exec  Cover   Missing
------------------------------------------------------------------------------
utExecutionAndResults/utUnderTest/src/MyLib_RunStateMachine_u8.c
                                              28      23    82%   48-52
------------------------------------------------------------------------------
TOTAL                                         28      23    82%
------------------------------------------------------------------------------
