------------------------------------------------------------------------------
                           GCC Code Coverage Report
Directory: .
------------------------------------------------------------------------------
File                                       Lines    Exec  Cover   Missing
------------------------------------------------------------------------------
utExecutionAndResults/utUnderTest/src/MyLib_RunStateMachine_u8.c
                                              23       0     0%   8,14-15,17-20,22-24,26,28-33,35-39,41
------------------------------------------------------------------------------
TOTAL                                         23       0     0%
------------------------------------------------------------------------------
