------------------------------------------------------------------------------
                           GCC Code Coverage Report
Directory: .
------------------------------------------------------------------------------
File                                       Lines    Exec  Cover   Missing
------------------------------------------------------------------------------
utExecutionAndResults/utUnderTest/src/AnalyzeArray_u32.c
                                              11       0     0%   4-5,7,10-11,14-15,17,19,23,26
------------------------------------------------------------------------------
TOTAL                                         11       0     0%
------------------------------------------------------------------------------
