------------------------------------------------------------------------------
                           GCC Code Coverage Report
Directory: .
------------------------------------------------------------------------------
File                                       Lines    Exec  Cover   Missing
------------------------------------------------------------------------------
utExecutionAndResults/utUnderTest/src/MyLib_RunStateMachine_u8.c
                                              26      23    88%   39,41-42
------------------------------------------------------------------------------
TOTAL                                         26      23    88%
------------------------------------------------------------------------------
