------------------------------------------------------------------------------
                           GCC Code Coverage Report
Directory: .
------------------------------------------------------------------------------
File                                       Lines    Exec  Cover   Missing
------------------------------------------------------------------------------
utExecutionAndResults/utUnderTest/src/MyLib_RunStateMachine_u8.c
                                              26       0     0%   4,11-12,15-18,20-22,24,26-31,33-37,39,41-42,45
------------------------------------------------------------------------------
TOTAL                                         26       0     0%
------------------------------------------------------------------------------
