------------------------------------------------------------------------------
                           GCC Code Coverage Report
Directory: .
------------------------------------------------------------------------------
File                                       Lines    Exec  Cover   Missing
------------------------------------------------------------------------------
utExecutionAndResults/utUnderTest/src/MyLib_ProcessRecord.c
                                              17       0     0%   11-13,16,19-20,22-23,25,27-28,30,32-33,35,38,41
------------------------------------------------------------------------------
TOTAL                                         17       0     0%
------------------------------------------------------------------------------
