------------------------------------------------------------------------------
                           GCC Code Coverage Report
Directory: .
------------------------------------------------------------------------------
File                                       Lines    Exec  Cover   Missing
------------------------------------------------------------------------------
utExecutionAndResults/utUnderTest/src/MyLib_ComputeAdjustedValue_u32.c
                                               7       0     0%   4,9-10,12,16,20,22
------------------------------------------------------------------------------
TOTAL                                          7       0     0%
------------------------------------------------------------------------------
